<?xml version="1.0" encoding="UTF-8"?>
<!-- Generated by org.testng.reporters.JUnitXMLReporter -->
<testsuite ignored="0" hostname="Prathamesh091824" failures="0" tests="3" name="AutomationTests" time="85.424" errors="0" timestamp="2025-10-16T14:49:33 IST">
  <testcase classname="com.AutomationCICD.Project1.TestClass" name="Test1" time="26.599"/>
  <testcase classname="com.AutomationCICD.Project1.TestClass" name="Test2" time="28.314"/>
  <testcase classname="com.AutomationCICD.Project1.TestClass" name="Test3" time="21.884"/>
</testsuite> <!-- AutomationTests -->
