<?xml version="1.0" encoding="UTF-8"?>
<!-- Generated by org.testng.reporters.JUnitXMLReporter -->
<testsuite ignored="0" hostname="Prathamesh091824" failures="0" tests="3" name="AutomationTests" time="59.698" errors="0" timestamp="2025-10-16T15:27:21 IST">
  <testcase classname="com.AutomationCICD.Project1.TestClass" name="Test1" time="26.301"/>
  <testcase classname="com.AutomationCICD.Project1.TestClass" name="Test2" time="22.453"/>
  <testcase classname="com.AutomationCICD.Project1.TestClass" name="Test3" time="3.188"/>
</testsuite> <!-- AutomationTests -->
