<?xml version="1.0" encoding="UTF-8"?>
<!-- Generated by org.testng.reporters.JUnitXMLReporter -->
<testsuite ignored="0" hostname="Prathamesh091824" failures="0" tests="3" name="Test1" time="79.598" errors="0" timestamp="2025-10-08T14:50:07 IST">
  <testcase classname="com.AutomationCICD.Project1.TestClass" name="Test1" time="20.601"/>
  <testcase classname="com.AutomationCICD.Project1.TestClass" name="Test2" time="20.473"/>
  <testcase classname="com.AutomationCICD.Project1.TestClass" name="Test3" time="20.309"/>
</testsuite> <!-- Test1 -->
