<?xml version="1.0" encoding="UTF-8"?>
<!-- Generated by org.testng.reporters.JUnitXMLReporter -->
<testsuite ignored="0" hostname="Prathamesh091824" failures="0" tests="3" name="Test2" time="33.293" errors="0" timestamp="2025-10-04T17:14:28 IST">
  <testcase classname="com.AutomationCICD.Project1.TestClassForSeleniumGrid" name="test1" time="28.691"/>
  <testcase classname="com.AutomationCICD.Project1.TestClassForSeleniumGrid" name="test2" time="0.37"/>
  <testcase classname="com.AutomationCICD.Project1.TestClassForSeleniumGrid" name="test3" time="0.314"/>
</testsuite> <!-- Test2 -->
