<?xml version="1.0" encoding="UTF-8"?>
<!-- Generated by org.testng.reporters.JUnitXMLReporter -->
<testsuite ignored="0" hostname="Prathamesh091824" failures="0" tests="3" name="Test1" time="79.821" errors="0" timestamp="2025-10-15T16:30:42 IST">
  <testcase classname="com.AutomationCICD.Project1.TestClass" name="Test1" time="30.271"/>
  <testcase classname="com.AutomationCICD.Project1.TestClass" name="Test2" time="27.594"/>
  <testcase classname="com.AutomationCICD.Project1.TestClass" name="Test3" time="5.373"/>
</testsuite> <!-- Test1 -->
