<?xml version="1.0" encoding="UTF-8"?>
<!-- Generated by org.testng.reporters.JUnitXMLReporter -->
<testsuite ignored="0" hostname="Prathamesh091824" failures="0" tests="3" name="Surefire test" time="81.765" errors="0" timestamp="2025-10-15T16:54:44 IST">
  <testcase classname="com.AutomationCICD.Project1.TestClass" name="Test1" time="23.286"/>
  <testcase classname="com.AutomationCICD.Project1.TestClass" name="Test2" time="25.016"/>
  <testcase classname="com.AutomationCICD.Project1.TestClass" name="Test3" time="27.081"/>
</testsuite> <!-- Surefire test -->
