<?xml version="1.0" encoding="UTF-8"?>
<!-- Generated by org.testng.reporters.JUnitXMLReporter -->
<testsuite ignored="0" hostname="Prathamesh091824" failures="0" tests="3" name="Surefire test" time="12.859" errors="0" timestamp="2025-09-25T22:48:58 IST">
  <testcase classname="com.AutomationCICD.Project1.TestClass1" name="Test1" time="3.605"/>
  <testcase classname="com.AutomationCICD.Project1.TestClass1" name="Test2" time="2.634"/>
  <testcase classname="com.AutomationCICD.Project1.TestClass1" name="Test3" time="2.127"/>
</testsuite> <!-- Surefire test -->
