<?xml version="1.0" encoding="UTF-8"?>
<!-- Generated by org.testng.reporters.JUnitXMLReporter -->
<testsuite ignored="0" hostname="Prathamesh091824" failures="0" tests="3" name="Default test" time="73.054" errors="0" timestamp="2025-10-08T15:16:34 IST">
  <testcase classname="com.AutomationCICD.Project1.TestClass" name="Test1" time="21.603"/>
  <testcase classname="com.AutomationCICD.Project1.TestClass" name="Test2" time="20.264"/>
  <testcase classname="com.AutomationCICD.Project1.TestClass" name="Test3" time="19.975"/>
</testsuite> <!-- Default test -->
