<?xml version="1.0" encoding="UTF-8"?>
<!-- Generated by org.testng.reporters.JUnitXMLReporter -->
<testsuite ignored="0" hostname="Prathamesh091824" failures="0" tests="3" name="Default test" time="72.693" errors="0" timestamp="2025-10-06T23:02:21 IST">
  <testcase classname="com.AutomationCICD.Project1.TestClass" name="Test1" time="21.321"/>
  <testcase classname="com.AutomationCICD.Project1.TestClass" name="Test2" time="21.905"/>
  <testcase classname="com.AutomationCICD.Project1.TestClass" name="Test3" time="21.62"/>
</testsuite> <!-- Default test -->
