<?xml version="1.0" encoding="UTF-8"?>
<!-- Generated by org.testng.reporters.JUnitXMLReporter -->
<testsuite ignored="0" hostname="Prathamesh091824" failures="0" tests="3" name="Test" time="15.49" errors="0" timestamp="2025-09-28T16:41:25 IST">
  <testcase classname="com.AutomationCICD.Project1.TestClass1" name="Test1" time="3.479"/>
  <testcase classname="com.AutomationCICD.Project1.TestClass1" name="Test2" time="1.793"/>
  <testcase classname="com.AutomationCICD.Project1.TestClass1" name="Test3" time="2.364"/>
</testsuite> <!-- Test -->
