<?xml version="1.0" encoding="UTF-8"?>
<!-- Generated by org.testng.reporters.JUnitXMLReporter -->
<testsuite ignored="0" hostname="Prathamesh091824" failures="0" tests="3" name="Test" time="56.436" errors="0" timestamp="2025-10-04T15:47:37 IST">
  <testcase classname="com.AutomationCICD.Project1.TestClass1" name="Test1" time="36.525"/>
  <testcase classname="com.AutomationCICD.Project1.TestClass1" name="Test2" time="6.971"/>
  <testcase classname="com.AutomationCICD.Project1.TestClass1" name="Test3" time="7.58"/>
</testsuite> <!-- Test -->
