<?xml version="1.0" encoding="UTF-8"?>
<testsuite xmlns:xsi="http://www.w3.org/2001/XMLSchema-instance" xsi:noNamespaceSchemaLocation="https://maven.apache.org/surefire/maven-surefire-plugin/xsd/surefire-test-report.xsd" version="3.0.1" name="com.AutomationCICD.Project1.TestClass1" time="13.258" tests="3" errors="0" skipped="0" failures="0">
  <properties>
[...]
</properties>
  <testcase name="Test1" classname="com.AutomationCICD.Project1.TestClass1" time="3.609">
    <system-out><![CDATA[Test 1 title isAutomationTalks - Learn Automation Testing
]]></system-out>
    <system-err><![CDATA[SLF4J(W): No SLF4J providers were found.
SLF4J(W): Defaulting to no-operation (NOP) logger implementation
SLF4J(W): See https://www.slf4j.org/codes.html#noProviders for further details.
Sep 25, 2025 10:48:47 PM org.openqa.selenium.devtools.CdpVersionFinder findNearestMatch
WARNING: Unable to find an exact match for CDP version 140, returning the closest version; found: 139; Please update to a Selenium version that supports CDP version 140
]]></system-err>
  </testcase>
  <testcase name="Test2" classname="com.AutomationCICD.Project1.TestClass1" time="2.635">
    <system-out><![CDATA[Test 2 title isAutomationTalks - Learn Automation Testing
]]></system-out>
    <system-err><![CDATA[Sep 25, 2025 10:48:52 PM org.openqa.selenium.devtools.CdpVersionFinder findNearestMatch
WARNING: Unable to find an exact match for CDP version 140, returning the closest version; found: 139; Please update to a Selenium version that supports CDP version 140
]]></system-err>
  </testcase>
  <testcase name="Test3" classname="com.AutomationCICD.Project1.TestClass1" time="2.129">
    <system-out><![CDATA[Test 3 title isAutomationTalks - Learn Automation Testing
]]></system-out>
    <system-err><![CDATA[Sep 25, 2025 10:48:56 PM org.openqa.selenium.devtools.CdpVersionFinder findNearestMatch
WARNING: Unable to find an exact match for CDP version 140, returning the closest version; found: 139; Please update to a Selenium version that supports CDP version 140
]]></system-err>
  </testcase>
</testsuite>