<?xml version="1.0" encoding="UTF-8"?>
<testng-results ignored="0" total="3" passed="3" failed="0" skipped="0">
  <reporter-output>
  </reporter-output>
  <suite started-at="2025-09-25T22:48:45 IST" name="Surefire suite" finished-at="2025-09-25T22:48:58 IST" duration-ms="12859">
    <groups>
    </groups>
    <test started-at="2025-09-25T22:48:45 IST" name="Surefire test" finished-at="2025-09-25T22:48:58 IST" duration-ms="12859">
      <class name="com.AutomationCICD.Project1.TestClass1">
        <test-method is-config="true" signature="launchDriver()[pri:0, instance:com.AutomationCICD.Project1.TestClass1@35047d03]" started-at="2025-09-25T22:48:45 IST" name="launchDriver" finished-at="2025-09-25T22:48:47 IST" duration-ms="1533" status="PASS">
          <reporter-output>
          </reporter-output>
        </test-method> <!-- launchDriver -->
        <test-method signature="Test1()[pri:0, instance:com.AutomationCICD.Project1.TestClass1@35047d03]" started-at="2025-09-25T22:48:47 IST" name="Test1" finished-at="2025-09-25T22:48:50 IST" duration-ms="3605" status="PASS">
          <reporter-output>
          </reporter-output>
        </test-method> <!-- Test1 -->
        <test-method is-config="true" signature="quit()[pri:0, instance:com.AutomationCICD.Project1.TestClass1@35047d03]" started-at="2025-09-25T22:48:50 IST" name="quit" finished-at="2025-09-25T22:48:51 IST" duration-ms="292" status="PASS">
          <reporter-output>
          </reporter-output>
        </test-method> <!-- quit -->
        <test-method is-config="true" signature="launchDriver()[pri:0, instance:com.AutomationCICD.Project1.TestClass1@35047d03]" started-at="2025-09-25T22:48:51 IST" name="launchDriver" finished-at="2025-09-25T22:48:52 IST" duration-ms="1139" status="PASS">
          <reporter-output>
          </reporter-output>
        </test-method> <!-- launchDriver -->
        <test-method signature="Test2()[pri:0, instance:com.AutomationCICD.Project1.TestClass1@35047d03]" started-at="2025-09-25T22:48:52 IST" name="Test2" finished-at="2025-09-25T22:48:54 IST" duration-ms="2634" status="PASS">
          <reporter-output>
          </reporter-output>
        </test-method> <!-- Test2 -->
        <test-method is-config="true" signature="quit()[pri:0, instance:com.AutomationCICD.Project1.TestClass1@35047d03]" started-at="2025-09-25T22:48:54 IST" name="quit" finished-at="2025-09-25T22:48:55 IST" duration-ms="228" status="PASS">
          <reporter-output>
          </reporter-output>
        </test-method> <!-- quit -->
        <test-method is-config="true" signature="launchDriver()[pri:0, instance:com.AutomationCICD.Project1.TestClass1@35047d03]" started-at="2025-09-25T22:48:55 IST" name="launchDriver" finished-at="2025-09-25T22:48:56 IST" duration-ms="1021" status="PASS">
          <reporter-output>
          </reporter-output>
        </test-method> <!-- launchDriver -->
        <test-method signature="Test3()[pri:0, instance:com.AutomationCICD.Project1.TestClass1@35047d03]" started-at="2025-09-25T22:48:56 IST" name="Test3" finished-at="2025-09-25T22:48:58 IST" duration-ms="2127" status="PASS">
          <reporter-output>
          </reporter-output>
        </test-method> <!-- Test3 -->
        <test-method is-config="true" signature="quit()[pri:0, instance:com.AutomationCICD.Project1.TestClass1@35047d03]" started-at="2025-09-25T22:48:58 IST" name="quit" finished-at="2025-09-25T22:48:58 IST" duration-ms="235" status="PASS">
          <reporter-output>
          </reporter-output>
        </test-method> <!-- quit -->
      </class> <!-- com.AutomationCICD.Project1.TestClass1 -->
    </test> <!-- Surefire test -->
  </suite> <!-- Surefire suite -->
</testng-results>
