<?xml version="1.0" encoding="UTF-8"?>
<testng-results ignored="0" total="3" passed="3" failed="0" skipped="0">
  <reporter-output>
  </reporter-output>
  <suite started-at="2025-11-02T16:42:05 IST" name="GridSuite" finished-at="2025-11-02T16:42:58 IST" duration-ms="53163">
    <groups>
    </groups>
    <test started-at="2025-11-02T16:42:05 IST" name="AutomationTests" finished-at="2025-11-02T16:42:58 IST" duration-ms="53163">
      <class name="com.AutomationCICD.Project1.TestClass">
        <test-method is-config="true" signature="launchDriver()[pri:0, instance:com.AutomationCICD.Project1.TestClass@3a6bb9bf]" started-at="2025-11-02T16:42:05 IST" name="launchDriver" finished-at="2025-11-02T16:42:08 IST" duration-ms="2621" status="PASS">
          <reporter-output>
          </reporter-output>
        </test-method> <!-- launchDriver -->
        <test-method signature="Test1()[pri:0, instance:com.AutomationCICD.Project1.TestClass@3a6bb9bf]" started-at="2025-11-02T16:42:08 IST" name="Test1" finished-at="2025-11-02T16:42:10 IST" duration-ms="2396" status="PASS">
          <reporter-output>
          </reporter-output>
        </test-method> <!-- Test1 -->
        <test-method is-config="true" signature="quit()[pri:0, instance:com.AutomationCICD.Project1.TestClass@3a6bb9bf]" started-at="2025-11-02T16:42:10 IST" name="quit" finished-at="2025-11-02T16:42:10 IST" duration-ms="207" status="PASS">
          <reporter-output>
          </reporter-output>
        </test-method> <!-- quit -->
        <test-method is-config="true" signature="launchDriver()[pri:0, instance:com.AutomationCICD.Project1.TestClass@3a6bb9bf]" started-at="2025-11-02T16:42:10 IST" name="launchDriver" finished-at="2025-11-02T16:42:11 IST" duration-ms="1001" status="PASS">
          <reporter-output>
          </reporter-output>
        </test-method> <!-- launchDriver -->
        <test-method signature="Test2()[pri:0, instance:com.AutomationCICD.Project1.TestClass@3a6bb9bf]" started-at="2025-11-02T16:42:11 IST" name="Test2" finished-at="2025-11-02T16:42:34 IST" duration-ms="22687" status="PASS">
          <reporter-output>
          </reporter-output>
        </test-method> <!-- Test2 -->
        <test-method is-config="true" signature="quit()[pri:0, instance:com.AutomationCICD.Project1.TestClass@3a6bb9bf]" started-at="2025-11-02T16:42:34 IST" name="quit" finished-at="2025-11-02T16:42:34 IST" duration-ms="230" status="PASS">
          <reporter-output>
          </reporter-output>
        </test-method> <!-- quit -->
        <test-method is-config="true" signature="launchDriver()[pri:0, instance:com.AutomationCICD.Project1.TestClass@3a6bb9bf]" started-at="2025-11-02T16:42:34 IST" name="launchDriver" finished-at="2025-11-02T16:42:35 IST" duration-ms="995" status="PASS">
          <reporter-output>
          </reporter-output>
        </test-method> <!-- launchDriver -->
        <test-method signature="Test3()[pri:0, instance:com.AutomationCICD.Project1.TestClass@3a6bb9bf]" started-at="2025-11-02T16:42:35 IST" name="Test3" finished-at="2025-11-02T16:42:58 IST" duration-ms="22740" status="PASS">
          <reporter-output>
          </reporter-output>
        </test-method> <!-- Test3 -->
        <test-method is-config="true" signature="quit()[pri:0, instance:com.AutomationCICD.Project1.TestClass@3a6bb9bf]" started-at="2025-11-02T16:42:58 IST" name="quit" finished-at="2025-11-02T16:42:58 IST" duration-ms="240" status="PASS">
          <reporter-output>
          </reporter-output>
        </test-method> <!-- quit -->
      </class> <!-- com.AutomationCICD.Project1.TestClass -->
    </test> <!-- AutomationTests -->
  </suite> <!-- GridSuite -->
</testng-results>
