<?xml version="1.0" encoding="UTF-8"?>
<testng-results ignored="0" total="3" passed="3" failed="0" skipped="0">
  <reporter-output>
  </reporter-output>
  <suite started-at="2025-10-08T13:31:04 IST" name="GridSuite" finished-at="2025-10-08T13:32:24 IST" duration-ms="79438">
    <groups>
    </groups>
    <test started-at="2025-10-08T13:31:04 IST" name="Test1" finished-at="2025-10-08T13:32:24 IST" duration-ms="79438">
      <class name="com.AutomationCICD.Project1.TestClass">
        <test-method is-config="true" signature="launchDriver()[pri:0, instance:com.AutomationCICD.Project1.TestClass@1f2586d6]" started-at="2025-10-08T13:31:04 IST" name="launchDriver" finished-at="2025-10-08T13:31:08 IST" duration-ms="3724" status="PASS">
          <reporter-output>
          </reporter-output>
        </test-method> <!-- launchDriver -->
        <test-method signature="Test1()[pri:0, instance:com.AutomationCICD.Project1.TestClass@1f2586d6]" started-at="2025-10-08T13:31:08 IST" name="Test1" finished-at="2025-10-08T13:31:30 IST" duration-ms="21855" status="PASS">
          <reporter-output>
          </reporter-output>
        </test-method> <!-- Test1 -->
        <test-method is-config="true" signature="tearDown()[pri:0, instance:com.AutomationCICD.Project1.TestClass@1f2586d6]" started-at="2025-10-08T13:31:30 IST" name="tearDown" finished-at="2025-10-08T13:31:30 IST" duration-ms="235" status="PASS">
          <reporter-output>
          </reporter-output>
        </test-method> <!-- tearDown -->
        <test-method is-config="true" signature="launchDriver()[pri:0, instance:com.AutomationCICD.Project1.TestClass@1f2586d6]" started-at="2025-10-08T13:31:30 IST" name="launchDriver" finished-at="2025-10-08T13:31:31 IST" duration-ms="1001" status="PASS">
          <reporter-output>
          </reporter-output>
        </test-method> <!-- launchDriver -->
        <test-method signature="Test2()[pri:0, instance:com.AutomationCICD.Project1.TestClass@1f2586d6]" started-at="2025-10-08T13:31:31 IST" name="Test2" finished-at="2025-10-08T13:32:01 IST" duration-ms="29991" status="PASS">
          <reporter-output>
          </reporter-output>
        </test-method> <!-- Test2 -->
        <test-method is-config="true" signature="tearDown()[pri:0, instance:com.AutomationCICD.Project1.TestClass@1f2586d6]" started-at="2025-10-08T13:32:01 IST" name="tearDown" finished-at="2025-10-08T13:32:01 IST" duration-ms="202" status="PASS">
          <reporter-output>
          </reporter-output>
        </test-method> <!-- tearDown -->
        <test-method is-config="true" signature="launchDriver()[pri:0, instance:com.AutomationCICD.Project1.TestClass@1f2586d6]" started-at="2025-10-08T13:32:01 IST" name="launchDriver" finished-at="2025-10-08T13:32:04 IST" duration-ms="2856" status="PASS">
          <reporter-output>
          </reporter-output>
        </test-method> <!-- launchDriver -->
        <test-method signature="Test3()[pri:0, instance:com.AutomationCICD.Project1.TestClass@1f2586d6]" started-at="2025-10-08T13:32:04 IST" name="Test3" finished-at="2025-10-08T13:32:23 IST" duration-ms="19387" status="PASS">
          <reporter-output>
          </reporter-output>
        </test-method> <!-- Test3 -->
        <test-method is-config="true" signature="tearDown()[pri:0, instance:com.AutomationCICD.Project1.TestClass@1f2586d6]" started-at="2025-10-08T13:32:23 IST" name="tearDown" finished-at="2025-10-08T13:32:24 IST" duration-ms="148" status="PASS">
          <reporter-output>
          </reporter-output>
        </test-method> <!-- tearDown -->
      </class> <!-- com.AutomationCICD.Project1.TestClass -->
    </test> <!-- Test1 -->
  </suite> <!-- GridSuite -->
</testng-results>
